<?xml version="1.0" encoding="UTF-8"?>
<!-- Generated by org.testng.reporters.JUnitReportReporter -->
<testsuite skipped="0" hostname="AU-BNE-DESK-09" name="YDF.automationFramework.testFilefunctions" tests="4" failures="0" timestamp="17 Apr 2018 03:03:07 GMT" time="14.616" errors="0">
  <testcase name="testLogin" time="9.321" classname="YDF.automationFramework.testFilefunctions"/>
  <testcase name="testOverlay" time="0.246" classname="YDF.automationFramework.testFilefunctions"/>
  <testcase name="testaddFilebutton" time="1.669" classname="YDF.automationFramework.testFilefunctions"/>
  <testcase name="testNewFile" time="3.380" classname="YDF.automationFramework.testFilefunctions"/>
</testsuite> <!-- YDF.automationFramework.testFilefunctions -->
